Arguments: 
  /usr/local/bin/node /Users/chenyingying/.yarn/bin/yarn.js

PATH: 
  /Users/chenyingying/.yarn/bin:/Users/chenyingying/.config/yarn/global/node_modules/.bin:/usr/local/bin:/usr/bin:/bin:/usr/sbin:/sbin

Yarn version: 
  1.22.15

Node version: 
  14.18.1

Platform: 
  darwin x64

Trace: 
  Error: connect ENETUNREACH 192.168.1.134:7001
      at TCPConnectWrap.afterConnect [as oncomplete] (net.js:1159:16)

npm manifest: 
  {
    "name": "yy-cli",
    "version": "1.0.0",
    "description": "",
    "main": "index.js",
    "scripts": {
      "test": "echo \"Error: no test specified\" && exit 1"
    },
    "keywords": [],
    "author": "",
    "license": "ISC",
    "bin": {
      "yy-cli": "./bin/cli.js"
    },
    "dependencies": {
      "commander": "^11.0.0",
      "inquirer": "^8.2.5"
    }
  }

yarn manifest: 
  No manifest

Lockfile: 
  No lockfile
